<?xml version="1.0" encoding="UTF-8"?>
<!-- Generated by org.testng.reporters.JUnitReportReporter -->
<testsuite skipped="0" hostname="USCBGWL10604" name="testCases.TC_002_Login" tests="1" failures="0" timestamp="2021-03-24T10:53:34 EDT" time="5.334" errors="0">
  <testcase name="test_Login" time="5.334" classname="testCases.TC_002_Login"/>
  <system-out/>
</testsuite> <!-- testCases.TC_002_Login -->
