<?xml version="1.0" encoding="UTF-8"?>
<!-- Generated by org.testng.reporters.JUnitReportReporter -->
<testsuite skipped="0" hostname="USCBGWL10604" name="testCases.TC_001_AccountRegistration" tests="1" failures="0" timestamp="2021-03-28T01:13:23 EDT" time="5.536" errors="0">
  <testcase name="test_accout_Registration" time="5.536" classname="testCases.TC_001_AccountRegistration"/>
  <system-out/>
</testsuite> <!-- testCases.TC_001_AccountRegistration -->
